TN:
SF:src/modules/Link/services/CreateLinkService.ts
FN:11,(anonymous_17)
FN:12,CreateLinksService
FN:17,(anonymous_19)
FNF:3
FNH:3
FNDA:1,(anonymous_17)
FNDA:2,CreateLinksService
FNDA:3,(anonymous_19)
DA:1,1
DA:11,1
DA:14,2
DA:17,3
DA:18,3
DA:20,3
DA:21,1
DA:24,2
DA:26,2
DA:28,1
DA:30,1
LF:11
LH:11
BRDA:18,0,0,3
BRDA:20,1,0,1
BRDA:20,1,1,2
BRF:3
BRH:3
end_of_record
TN:
SF:src/modules/Link/services/ListAllLinksService.ts
FN:8,(anonymous_17)
FN:9,ListAllLinksService
FN:14,(anonymous_19)
FNF:3
FNH:3
FNDA:1,(anonymous_17)
FNDA:1,ListAllLinksService
FNDA:1,(anonymous_19)
DA:1,1
DA:8,1
DA:11,1
DA:14,1
DA:15,1
DA:17,1
DA:19,1
DA:21,1
LF:8
LH:8
BRDA:15,0,0,1
BRF:1
BRH:1
end_of_record
TN:
SF:src/modules/Link/services/LoadLinksFromHtmlService.ts
FN:3,(anonymous_14)
FN:4,(anonymous_16)
FN:8,(anonymous_19)
FN:8,(anonymous_20)
FNF:4
FNH:2
FNDA:2,(anonymous_14)
FNDA:1,(anonymous_16)
FNDA:0,(anonymous_19)
FNDA:0,(anonymous_20)
DA:1,1
DA:3,1
DA:4,1
DA:5,1
DA:6,1
DA:8,1
DA:9,0
DA:11,0
DA:12,0
DA:16,1
DA:18,1
DA:20,1
LF:12
LH:9
BRDA:9,0,0,0
BRDA:9,0,1,0
BRDA:11,1,0,0
BRDA:11,1,1,0
BRF:4
BRH:0
end_of_record
TN:
SF:src/modules/Link/services/SearchHtmlService.ts
FN:3,(anonymous_14)
FN:4,(anonymous_16)
FNF:2
FNH:2
FNDA:3,(anonymous_14)
FNDA:2,(anonymous_16)
DA:1,1
DA:3,1
DA:4,1
DA:6,2
DA:11,1
DA:13,1
DA:16,1
DA:18,1
LF:8
LH:8
BRF:0
BRH:0
end_of_record
