TN:
SF:src/modules/Link/services/CreateLinkService.ts
FN:18,(anonymous_18)
FN:19,CreateLinksService
FN:24,(anonymous_20)
FNF:3
FNH:3
FNDA:1,(anonymous_18)
FNDA:4,CreateLinksService
FNDA:4,(anonymous_20)
DA:1,1
DA:3,1
DA:18,1
DA:21,4
DA:24,4
DA:25,4
DA:26,1
DA:29,3
DA:30,1
DA:33,2
DA:35,2
DA:37,1
DA:39,1
LF:13
LH:13
BRDA:25,0,0,1
BRDA:25,0,1,3
BRDA:29,1,0,1
BRDA:29,1,1,2
BRDA:29,2,0,3
BRDA:29,2,1,3
BRF:6
BRH:6
end_of_record
TN:
SF:src/modules/Link/services/ListAllLinksService.ts
FN:15,(anonymous_17)
FN:16,ListAllLinksService
FN:21,(anonymous_19)
FNF:3
FNH:3
FNDA:1,(anonymous_17)
FNDA:2,ListAllLinksService
FNDA:2,(anonymous_19)
DA:1,1
DA:15,1
DA:18,2
DA:21,1
DA:22,2
DA:24,2
DA:26,1
DA:28,1
LF:8
LH:8
BRDA:22,0,0,2
BRF:1
BRH:1
end_of_record
TN:
SF:src/modules/Link/services/LoadLinksFromHtmlService.ts
FN:10,(anonymous_14)
FN:11,(anonymous_16)
FN:16,(anonymous_19)
FN:16,(anonymous_20)
FNF:4
FNH:2
FNDA:3,(anonymous_14)
FNDA:2,(anonymous_16)
FNDA:0,(anonymous_19)
FNDA:0,(anonymous_20)
DA:1,1
DA:3,1
DA:10,1
DA:11,1
DA:12,2
DA:13,2
DA:14,2
DA:16,2
DA:17,0
DA:19,0
DA:20,0
DA:24,2
DA:26,0
DA:29,1
DA:31,1
LF:15
LH:11
BRDA:17,0,0,0
BRDA:17,0,1,0
BRDA:19,1,0,0
BRDA:19,1,1,0
BRF:4
BRH:0
end_of_record
TN:
SF:src/modules/Link/services/SearchHtmlService.ts
FN:10,(anonymous_14)
FN:11,(anonymous_16)
FNF:2
FNH:2
FNDA:3,(anonymous_14)
FNDA:2,(anonymous_16)
DA:1,1
DA:3,1
DA:10,1
DA:11,1
DA:13,2
DA:18,1
DA:20,1
DA:23,1
DA:25,1
LF:9
LH:9
BRF:0
BRH:0
end_of_record
